# JRE version: OpenJDK Runtime Environment Temurin-21.0.5+11 (21.0.5+11) (build 21.0.5+11-LTS)
# Java VM: OpenJDK 64-Bit Server VM Temurin-21.0.5+11 (21.0.5+11-LTS, mixed mode, emulated-client, sharing, tiered, compressed oops, compressed class ptrs, g1 gc, windows-amd64)
GC Precious Log:
 CardTable entry size: 512
 Card Set container configuration: InlinePtr #cards 4 size 8 Array Of Cards #cards 32 size 80 Howl #buckets 8 coarsen threshold 7372 Howl Bitmap #cards 1024 size 144 coarsen threshold 921 Card regions per heap region 1 cards per card region 8192
 CPUs: 16 total, 16 available
 Memory: 23953M
 Large Page Support: Disabled
 NUMA Support: Disabled
 Compressed Oops: Enabled (Zero based)
 Heap Region Size: 4M
 Heap Min Capacity: 8M
 Heap Initial Capacity: 376M
 Heap Max Capacity: 5992M
 Pre-touch: Disabled
 Parallel Workers: 13
 Concurrent Workers: 3
 Concurrent Refinement Workers: 13
 Periodic GC: Disabled
Heap:
 garbage-first heap   total 90112K, used 49942K [0x0000000689800000, 0x0000000800000000)
  region size 4096K, 9 young (36864K), 2 survivors (8192K)
 Metaspace       used 59971K, committed 60672K, reserved 1114112K
  class space    used 8227K, committed 8576K, reserved 1048576K
GC Heap History (20 events):
Event: 0.917 GC heap before
{Heap before GC invocations=5 (full 0):
 garbage-first heap   total 40960K, used 39464K [0x0000000689800000, 0x0000000800000000)
  region size 4096K, 8 young (32768K), 1 survivors (4096K)
 Metaspace       used 18896K, committed 19200K, reserved 1114112K
  class space    used 2382K, committed 2496K, reserved 1048576K
}
Event: 0.919 GC heap after
{Heap after GC invocations=6 (full 0):
 garbage-first heap   total 49152K, used 11499K [0x0000000689800000, 0x0000000800000000)
  region size 4096K, 2 young (8192K), 2 survivors (8192K)
 Metaspace       used 18896K, committed 19200K, reserved 1114112K
  class space    used 2382K, committed 2496K, reserved 1048576K
}
Event: 0.950 GC heap before
{Heap before GC invocations=6 (full 0):
 garbage-first heap   total 49152K, used 31979K [0x0000000689800000, 0x0000000800000000)
  region size 4096K, 7 young (28672K), 2 survivors (8192K)
 Metaspace       used 20231K, committed 20608K, reserved 1114112K
  class space    used 2566K, committed 2752K, reserved 1048576K
}
Event: 0.953 GC heap after
{Heap after GC invocations=7 (full 0):
 garbage-first heap   total 49152K, used 11699K [0x0000000689800000, 0x0000000800000000)
  region size 4096K, 1 young (4096K), 1 survivors (4096K)
 Metaspace       used 20231K, committed 20608K, reserved 1114112K
  class space    used 2566K, committed 2752K, reserved 1048576K
}
Event: 1.031 GC heap before
{Heap before GC invocations=7 (full 0):
 garbage-first heap   total 49152K, used 36275K [0x0000000689800000, 0x0000000800000000)
  region size 4096K, 7 young (28672K), 1 survivors (4096K)
 Metaspace       used 22299K, committed 22656K, reserved 1114112K
  class space    used 2838K, committed 3008K, reserved 1048576K
}
Event: 1.034 GC heap after
{Heap after GC invocations=8 (full 0):
 garbage-first heap   total 217088K, used 13200K [0x0000000689800000, 0x0000000800000000)
  region size 4096K, 1 young (4096K), 1 survivors (4096K)
 Metaspace       used 22299K, committed 22656K, reserved 1114112K
  class space    used 2838K, committed 3008K, reserved 1048576K
}
Event: 1.526 GC heap before
{Heap before GC invocations=8 (full 0):
 garbage-first heap   total 217088K, used 95120K [0x0000000689800000, 0x0000000800000000)
  region size 4096K, 22 young (90112K), 1 survivors (4096K)
 Metaspace       used 27913K, committed 28480K, reserved 1114112K
  class space    used 3676K, committed 3968K, reserved 1048576K
}
Event: 1.529 GC heap after
{Heap after GC invocations=9 (full 0):
 garbage-first heap   total 217088K, used 17182K [0x0000000689800000, 0x0000000800000000)
  region size 4096K, 2 young (8192K), 2 survivors (8192K)
 Metaspace       used 27913K, committed 28480K, reserved 1114112K
  class space    used 3676K, committed 3968K, reserved 1048576K
}
Event: 1.822 GC heap before
{Heap before GC invocations=10 (full 0):
 garbage-first heap   total 69632K, used 66334K [0x0000000689800000, 0x0000000800000000)
  region size 4096K, 14 young (57344K), 2 survivors (8192K)
 Metaspace       used 31773K, committed 32320K, reserved 1114112K
  class space    used 4235K, committed 4480K, reserved 1048576K
}
Event: 1.825 GC heap after
{Heap after GC invocations=11 (full 0):
 garbage-first heap   total 81920K, used 19013K [0x0000000689800000, 0x0000000800000000)
  region size 4096K, 3 young (12288K), 3 survivors (12288K)
 Metaspace       used 31773K, committed 32320K, reserved 1114112K
  class space    used 4235K, committed 4480K, reserved 1048576K
}
Event: 1.985 GC heap before
{Heap before GC invocations=11 (full 0):
 garbage-first heap   total 81920K, used 55877K [0x0000000689800000, 0x0000000800000000)
  region size 4096K, 12 young (49152K), 3 survivors (12288K)
 Metaspace       used 35358K, committed 35904K, reserved 1114112K
  class space    used 4728K, committed 4992K, reserved 1048576K
}
Event: 1.988 GC heap after
{Heap after GC invocations=12 (full 0):
 garbage-first heap   total 81920K, used 19542K [0x0000000689800000, 0x0000000800000000)
  region size 4096K, 1 young (4096K), 1 survivors (4096K)
 Metaspace       used 35358K, committed 35904K, reserved 1114112K
  class space    used 4728K, committed 4992K, reserved 1048576K
}
Event: 2.194 GC heap before
{Heap before GC invocations=12 (full 0):
 garbage-first heap   total 81920K, used 64598K [0x0000000689800000, 0x0000000800000000)
  region size 4096K, 12 young (49152K), 1 survivors (4096K)
 Metaspace       used 39500K, committed 40064K, reserved 1114112K
  class space    used 5349K, committed 5568K, reserved 1048576K
}
Event: 2.196 GC heap after
{Heap after GC invocations=13 (full 0):
 garbage-first heap   total 233472K, used 20469K [0x0000000689800000, 0x0000000800000000)
  region size 4096K, 1 young (4096K), 1 survivors (4096K)
 Metaspace       used 39500K, committed 40064K, reserved 1114112K
  class space    used 5349K, committed 5568K, reserved 1048576K
}
Event: 2.544 GC heap before
{Heap before GC invocations=13 (full 0):
 garbage-first heap   total 233472K, used 65525K [0x0000000689800000, 0x0000000800000000)
  region size 4096K, 14 young (57344K), 1 survivors (4096K)
 Metaspace       used 47233K, committed 47808K, reserved 1114112K
  class space    used 6315K, committed 6528K, reserved 1048576K
}
Event: 2.547 GC heap after
{Heap after GC invocations=14 (full 0):
 garbage-first heap   total 233472K, used 22348K [0x0000000689800000, 0x0000000800000000)
  region size 4096K, 2 young (8192K), 2 survivors (8192K)
 Metaspace       used 47233K, committed 47808K, reserved 1114112K
  class space    used 6315K, committed 6528K, reserved 1048576K
}
Event: 2.805 GC heap before
{Heap before GC invocations=15 (full 0):
 garbage-first heap   total 81920K, used 79692K [0x0000000689800000, 0x0000000800000000)
  region size 4096K, 16 young (65536K), 2 survivors (8192K)
 Metaspace       used 52964K, committed 53632K, reserved 1114112K
  class space    used 7139K, committed 7424K, reserved 1048576K
}
Event: 2.807 GC heap after
{Heap after GC invocations=16 (full 0):
 garbage-first heap   total 90112K, used 23808K [0x0000000689800000, 0x0000000800000000)
  region size 4096K, 2 young (8192K), 2 survivors (8192K)
 Metaspace       used 52964K, committed 53632K, reserved 1114112K
  class space    used 7139K, committed 7424K, reserved 1048576K
}
Event: 3.027 GC heap before
{Heap before GC invocations=16 (full 0):
 garbage-first heap   total 90112K, used 68864K [0x0000000689800000, 0x0000000800000000)
  region size 4096K, 13 young (53248K), 2 survivors (8192K)
 Metaspace       used 57275K, committed 57920K, reserved 1114112K
  class space    used 7840K, committed 8128K, reserved 1048576K
}
Event: 3.030 GC heap after
{Heap after GC invocations=17 (full 0):
 garbage-first heap   total 90112K, used 25366K [0x0000000689800000, 0x0000000800000000)
  region size 4096K, 2 young (8192K), 2 survivors (8192K)
 Metaspace       used 57275K, committed 57920K, reserved 1114112K
  class space    used 7840K, committed 8128K, reserved 1048576K
}

